2014/12/30 1:12:29 にビルドを開始しました。
     1>ノード 2 上のプロジェクト "C:\Users\kaz\Documents\Visual Studio 2010\Projects\Reversi_glut\Reversi_glut.vcxproj" (build ターゲット)。
     1>InitializeBuildStatus:
         "AlwaysCreate" が指定されたため "Debug\Reversi_glut.unsuccessfulbuild" を作成しています。
       ClCompile:
         c:\Program Files (x86)\Microsoft Visual Studio 10.0\VC\bin\CL.exe /c /ZI /nologo /W3 /WX- /Od /Oy- /D WIN32 /D _DEBUG /D _CONSOLE /D _UNICODE /D UNICODE /Gm /EHsc /RTC1 /MDd /GS /fp:precise /Zc:wchar_t /Zc:forScope /Fo"Debug\\" /Fd"Debug\vc100.pdb" /Gd /TP /analyze- /errorReport:prompt Graphics.cpp main.cpp
         main.cpp
         Graphics.cpp
         コードを生成中...
       ManifestResourceCompile:
         すべての出力が最新のものです。
       Link:
         c:\Program Files (x86)\Microsoft Visual Studio 10.0\VC\bin\link.exe /ERRORREPORT:PROMPT /OUT:"C:\Users\kaz\Documents\Visual Studio 2010\Projects\Reversi_glut\Debug\Reversi_glut.exe" /INCREMENTAL /NOLOGO kernel32.lib user32.lib gdi32.lib winspool.lib comdlg32.lib advapi32.lib shell32.lib ole32.lib oleaut32.lib uuid.lib odbc32.lib odbccp32.lib /MANIFEST /ManifestFile:"Debug\Reversi_glut.exe.intermediate.manifest" /MANIFESTUAC:"level='asInvoker' uiAccess='false'" /DEBUG /PDB:"C:\Users\kaz\Documents\Visual Studio 2010\Projects\Reversi_glut\Debug\Reversi_glut.pdb" /SUBSYSTEM:CONSOLE /TLBID:1 /DYNAMICBASE /NXCOMPAT /IMPLIB:"C:\Users\kaz\Documents\Visual Studio 2010\Projects\Reversi_glut\Debug\Reversi_glut.lib" /MACHINE:X86 Debug\Reversi_glut.exe.embed.manifest.res
         Debug\Graphics.obj
         Debug\main.obj
         Debug\Situation.obj
       Manifest:
         C:\Program Files (x86)\Microsoft SDKs\Windows\v7.0A\bin\mt.exe /nologo /verbose /out:"Debug\Reversi_glut.exe.embed.manifest" /manifest Debug\Reversi_glut.exe.intermediate.manifest
         すべての出力が最新のものです。
       LinkEmbedManifest:
         すべての出力が最新のものです。
         Reversi_glut.vcxproj -> C:\Users\kaz\Documents\Visual Studio 2010\Projects\Reversi_glut\Debug\Reversi_glut.exe
       FinalizeBuildStatus:
         ファイル "Debug\Reversi_glut.unsuccessfulbuild" を削除しています。
         "Debug\Reversi_glut.lastbuildstate" のタッチ タスクを実行しています。
     1>プロジェクト "C:\Users\kaz\Documents\Visual Studio 2010\Projects\Reversi_glut\Reversi_glut.vcxproj" (build ターゲット) のビルドが完了しました。

ビルドに成功しました。

経過時間 00:00:04.07
