2014/12/30 1:12:08 にビルドを開始しました。
     1>ノード 2 上のプロジェクト "C:\Users\kaz\Documents\Visual Studio 2010\Projects\Reversi_glut\Reversi_glut.vcxproj" (build ターゲット)。
     1>InitializeBuildStatus:
         "Release\Reversi_glut.unsuccessfulbuild" のタッチ タスクを実行しています。
       ClCompile:
         c:\Program Files (x86)\Microsoft Visual Studio 10.0\VC\bin\CL.exe /c /Zi /nologo /W3 /WX- /O2 /Oi /Oy- /GL /D WIN32 /D NDEBUG /D _CONSOLE /D _UNICODE /D UNICODE /Gm- /EHsc /MD /GS /Gy /fp:precise /Zc:wchar_t /Zc:forScope /Fo"Release\\" /Fd"Release\vc100.pdb" /Gd /TP /analyze- /errorReport:prompt Graphics.cpp main.cpp
         Graphics.cpp
         main.cpp
       Link:
         c:\Program Files (x86)\Microsoft Visual Studio 10.0\VC\bin\link.exe /ERRORREPORT:PROMPT /OUT:"C:\Users\kaz\Documents\Visual Studio 2010\Projects\Reversi_glut\Release\Reversi_glut.exe" /INCREMENTAL:NO /NOLOGO kernel32.lib user32.lib gdi32.lib winspool.lib comdlg32.lib advapi32.lib shell32.lib ole32.lib oleaut32.lib uuid.lib odbc32.lib odbccp32.lib /MANIFEST /ManifestFile:"Release\Reversi_glut.exe.intermediate.manifest" /MANIFESTUAC:"level='asInvoker' uiAccess='false'" /DEBUG /PDB:"C:\Users\kaz\Documents\Visual Studio 2010\Projects\Reversi_glut\Release\Reversi_glut.pdb" /SUBSYSTEM:CONSOLE /OPT:REF /OPT:ICF /LTCG /TLBID:1 /DYNAMICBASE /NXCOMPAT /IMPLIB:"C:\Users\kaz\Documents\Visual Studio 2010\Projects\Reversi_glut\Release\Reversi_glut.lib" /MACHINE:X86 Release\Graphics.obj
         Release\main.obj
         Release\Situation.obj
         コード生成しています。
         コード生成が終了しました。
         Reversi_glut.vcxproj -> C:\Users\kaz\Documents\Visual Studio 2010\Projects\Reversi_glut\Release\Reversi_glut.exe
       Manifest:
         C:\Program Files (x86)\Microsoft SDKs\Windows\v7.0A\bin\mt.exe /nologo /verbose /outputresource:"C:\Users\kaz\Documents\Visual Studio 2010\Projects\Reversi_glut\Release\Reversi_glut.exe;#1" /manifest Release\Reversi_glut.exe.intermediate.manifest
       FinalizeBuildStatus:
         ファイル "Release\Reversi_glut.unsuccessfulbuild" を削除しています。
         "Release\Reversi_glut.lastbuildstate" のタッチ タスクを実行しています。
     1>プロジェクト "C:\Users\kaz\Documents\Visual Studio 2010\Projects\Reversi_glut\Reversi_glut.vcxproj" (build ターゲット) のビルドが完了しました。

ビルドに成功しました。

経過時間 00:00:03.30
